<?xml version="1.0" encoding="UTF-8"?>
<!-- Generated by org.testng.reporters.JUnitReportReporter -->
<testsuite hostname="QT-INHD-LT0766" failures="0" tests="1" name="com.mystore.testcases.TC_001_VerifyPhoneRedmi_13c_Price_On_AmazonTest" time="0.006" errors="0" timestamp="2024-04-05T15:21:00 IST" skipped="0">
  <testcase classname="com.mystore.testcases.TC_001_VerifyPhoneRedmi_13c_Price_On_AmazonTest" name="verifyRedmi13CPriceTest" time="0.006"/>
  <system-out/>
</testsuite> <!-- com.mystore.testcases.TC_001_VerifyPhoneRedmi_13c_Price_On_AmazonTest -->
